c:\users\flo\desktop\computergrafik\ponghtw\cgtutorial\release\highscore.obj
c:\users\flo\desktop\computergrafik\ponghtw\cgtutorial\release\objloader.obj
c:\users\flo\desktop\computergrafik\ponghtw\cgtutorial\release\state.obj
c:\users\flo\desktop\computergrafik\ponghtw\cgtutorial\release\szene3.obj
c:\users\flo\desktop\computergrafik\ponghtw\cgtutorial\release\globaltime.obj
c:\users\flo\desktop\computergrafik\ponghtw\cgtutorial\release\matchhistory.obj
c:\users\flo\desktop\computergrafik\ponghtw\cgtutorial\release\positions.obj
c:\users\flo\desktop\computergrafik\ponghtw\cgtutorial\release\szene1.obj
c:\users\flo\desktop\computergrafik\ponghtw\cgtutorial\release\triangle.obj
c:\users\flo\desktop\computergrafik\ponghtw\cgtutorial\release\collision.obj
c:\users\flo\desktop\computergrafik\ponghtw\cgtutorial\release\obj3d.obj
c:\users\flo\desktop\computergrafik\ponghtw\cgtutorial\release\objects.obj
c:\users\flo\desktop\computergrafik\ponghtw\cgtutorial\release\paddle.obj
c:\users\flo\desktop\computergrafik\ponghtw\cgtutorial\release\shader.obj
c:\users\flo\desktop\computergrafik\ponghtw\cgtutorial\release\szene2.obj
c:\users\flo\desktop\computergrafik\ponghtw\cgtutorial\release\ball.obj
c:\users\flo\desktop\computergrafik\ponghtw\cgtutorial\release\cgtutorial.obj
c:\users\flo\desktop\computergrafik\ponghtw\cgtutorial\release\statecontext.obj
c:\users\flo\desktop\computergrafik\ponghtw\cgtutorial\release\text2d.obj
c:\users\flo\desktop\computergrafik\ponghtw\cgtutorial\release\texture.obj
c:\users\flo\desktop\computergrafik\ponghtw\cgtutorial\release\cgtutorial.exe
c:\users\flo\desktop\computergrafik\ponghtw\cgtutorial\release\cgtutorial.tlog\cl.command.1.tlog
c:\users\flo\desktop\computergrafik\ponghtw\cgtutorial\release\cgtutorial.tlog\cl.read.1.tlog
c:\users\flo\desktop\computergrafik\ponghtw\cgtutorial\release\cgtutorial.tlog\cl.write.1.tlog
c:\users\flo\desktop\computergrafik\ponghtw\cgtutorial\release\cgtutorial.tlog\link.command.1.tlog
c:\users\flo\desktop\computergrafik\ponghtw\cgtutorial\release\cgtutorial.tlog\link.read.1.tlog
c:\users\flo\desktop\computergrafik\ponghtw\cgtutorial\release\cgtutorial.tlog\link.write.1.tlog
